<?xml version="1.0" encoding="UTF-8"?>
<testsuite xmlns:xsi="http://www.w3.org/2001/XMLSchema-instance" xsi:noNamespaceSchemaLocation="https://maven.apache.org/surefire/maven-surefire-plugin/xsd/surefire-test-report.xsd" name="TestSuite" time="38.456" tests="1" errors="0" skipped="0" failures="1">
  <properties>
    <property name="gopherProxySet" value="false"/>
    <property name="awt.toolkit" value="sun.lwawt.macosx.LWCToolkit"/>
    <property name="java.specification.version" value="11"/>
    <property name="sun.cpu.isalist" value=""/>
    <property name="sun.jnu.encoding" value="UTF-8"/>
    <property name="java.class.path" value="/Users/deepeshraghuvanshi/IdeaProjects/Reece/target/test-classes:/Users/deepeshraghuvanshi/IdeaProjects/Reece/target/classes:/Users/deepeshraghuvanshi/.m2/repository/io/cucumber/cucumber-java/7.11.0/cucumber-java-7.11.0.jar:/Users/deepeshraghuvanshi/.m2/repository/io/cucumber/cucumber-core/7.11.0/cucumber-core-7.11.0.jar:/Users/deepeshraghuvanshi/.m2/repository/io/cucumber/cucumber-gherkin/7.11.0/cucumber-gherkin-7.11.0.jar:/Users/deepeshraghuvanshi/.m2/repository/io/cucumber/cucumber-gherkin-messages/7.11.0/cucumber-gherkin-messages-7.11.0.jar:/Users/deepeshraghuvanshi/.m2/repository/io/cucumber/gherkin/26.0.3/gherkin-26.0.3.jar:/Users/deepeshraghuvanshi/.m2/repository/io/cucumber/messages/21.0.1/messages-21.0.1.jar:/Users/deepeshraghuvanshi/.m2/repository/io/cucumber/tag-expressions/5.0.1/tag-expressions-5.0.1.jar:/Users/deepeshraghuvanshi/.m2/repository/io/cucumber/cucumber-expressions/16.1.1/cucumber-expressions-16.1.1.jar:/Users/deepeshraghuvanshi/.m2/repository/io/cucumber/datatable/7.11.0/datatable-7.11.0.jar:/Users/deepeshraghuvanshi/.m2/repository/io/cucumber/cucumber-plugin/7.11.0/cucumber-plugin-7.11.0.jar:/Users/deepeshraghuvanshi/.m2/repository/io/cucumber/docstring/7.11.0/docstring-7.11.0.jar:/Users/deepeshraghuvanshi/.m2/repository/io/cucumber/html-formatter/20.2.1/html-formatter-20.2.1.jar:/Users/deepeshraghuvanshi/.m2/repository/io/cucumber/junit-xml-formatter/0.1.0/junit-xml-formatter-0.1.0.jar:/Users/deepeshraghuvanshi/.m2/repository/io/cucumber/ci-environment/9.1.0/ci-environment-9.1.0.jar:/Users/deepeshraghuvanshi/.m2/repository/org/apiguardian/apiguardian-api/1.1.2/apiguardian-api-1.1.2.jar:/Users/deepeshraghuvanshi/.m2/repository/io/cucumber/cucumber-testng/7.11.0/cucumber-testng-7.11.0.jar:/Users/deepeshraghuvanshi/.m2/repository/io/cucumber/cucumber-junit/7.11.0/cucumber-junit-7.11.0.jar:/Users/deepeshraghuvanshi/.m2/repository/tech/grasshopper/extentreports-cucumber7-adapter/1.7.0/extentreports-cucumber7-adapter-1.7.0.jar:/Users/deepeshraghuvanshi/.m2/repository/tech/grasshopper/extent-pdf-report/2.7.0/extent-pdf-report-2.7.0.jar:/Users/deepeshraghuvanshi/.m2/repository/tech/grasshopper/cucumber-pdf-report/2.10.0/cucumber-pdf-report-2.10.0.jar:/Users/deepeshraghuvanshi/.m2/repository/org/apache/pdfbox/pdfbox/2.0.26/pdfbox-2.0.26.jar:/Users/deepeshraghuvanshi/.m2/repository/org/apache/pdfbox/fontbox/2.0.26/fontbox-2.0.26.jar:/Users/deepeshraghuvanshi/.m2/repository/org/knowm/xchart/xchart/3.8.0/xchart-3.8.0.jar:/Users/deepeshraghuvanshi/.m2/repository/de/erichseifert/vectorgraphics2d/VectorGraphics2D/0.13/VectorGraphics2D-0.13.jar:/Users/deepeshraghuvanshi/.m2/repository/de/rototor/pdfbox/graphics2d/0.30/graphics2d-0.30.jar:/Users/deepeshraghuvanshi/.m2/repository/com/madgag/animated-gif-lib/1.4/animated-gif-lib-1.4.jar:/Users/deepeshraghuvanshi/.m2/repository/org/yaml/snakeyaml/1.28/snakeyaml-1.28.jar:/Users/deepeshraghuvanshi/.m2/repository/tech/grasshopper/table-layout/1.5.1/table-layout-1.5.1.jar:/Users/deepeshraghuvanshi/.m2/repository/tech/grasshopper/rest-assured-cucumber-pdf-report/1.4.1/rest-assured-cucumber-pdf-report-1.4.1.jar:/Users/deepeshraghuvanshi/.m2/repository/org/jsoup/jsoup/1.14.3/jsoup-1.14.3.jar:/Users/deepeshraghuvanshi/.m2/repository/com/aventstack/klov-reporter/5.0.9/klov-reporter-5.0.9.jar:/Users/deepeshraghuvanshi/.m2/repository/org/mongodb/mongodb-driver/3.6.4/mongodb-driver-3.6.4.jar:/Users/deepeshraghuvanshi/.m2/repository/org/mongodb/mongodb-driver-core/3.6.4/mongodb-driver-core-3.6.4.jar:/Users/deepeshraghuvanshi/.m2/repository/org/mongodb/bson/3.6.4/bson-3.6.4.jar:/Users/deepeshraghuvanshi/.m2/repository/org/apache/httpcomponents/httpclient/4.5.13/httpclient-4.5.13.jar:/Users/deepeshraghuvanshi/.m2/repository/org/apache/httpcomponents/httpcore/4.4.13/httpcore-4.4.13.jar:/Users/deepeshraghuvanshi/.m2/repository/commons-logging/commons-logging/1.2/commons-logging-1.2.jar:/Users/deepeshraghuvanshi/.m2/repository/commons-codec/commons-codec/1.11/commons-codec-1.11.jar:/Users/deepeshraghuvanshi/.m2/repository/org/apache/httpcomponents/httpmime/4.5.13/httpmime-4.5.13.jar:/Users/deepeshraghuvanshi/.m2/repository/tech/grasshopper/htmlextentreporter/1.0.1/htmlextentreporter-1.0.1.jar:/Users/deepeshraghuvanshi/.m2/repository/com/aventstack/extentreports/5.0.9/extentreports-5.0.9.jar:/Users/deepeshraghuvanshi/.m2/repository/io/reactivex/rxjava3/rxjava/3.0.4/rxjava-3.0.4.jar:/Users/deepeshraghuvanshi/.m2/repository/org/reactivestreams/reactive-streams/1.0.3/reactive-streams-1.0.3.jar:/Users/deepeshraghuvanshi/.m2/repository/org/freemarker/freemarker/2.3.30/freemarker-2.3.30.jar:/Users/deepeshraghuvanshi/.m2/repository/org/projectlombok/lombok/1.18.12/lombok-1.18.12.jar:/Users/deepeshraghuvanshi/.m2/repository/com/google/code/gson/gson/2.8.6/gson-2.8.6.jar:/Users/deepeshraghuvanshi/.m2/repository/junit/junit/4.13.2/junit-4.13.2.jar:/Users/deepeshraghuvanshi/.m2/repository/org/hamcrest/hamcrest-core/1.3/hamcrest-core-1.3.jar:/Users/deepeshraghuvanshi/.m2/repository/org/apache/directory/studio/org.apache.commons.io/2.4/org.apache.commons.io-2.4.jar:/Users/deepeshraghuvanshi/.m2/repository/commons-io/commons-io/2.4/commons-io-2.4.jar:/Users/deepeshraghuvanshi/.m2/repository/org/seleniumhq/selenium/selenium-java/4.7.2/selenium-java-4.7.2.jar:/Users/deepeshraghuvanshi/.m2/repository/org/seleniumhq/selenium/selenium-api/4.7.2/selenium-api-4.7.2.jar:/Users/deepeshraghuvanshi/.m2/repository/org/seleniumhq/selenium/selenium-chrome-driver/4.7.2/selenium-chrome-driver-4.7.2.jar:/Users/deepeshraghuvanshi/.m2/repository/com/google/auto/service/auto-service-annotations/1.0.1/auto-service-annotations-1.0.1.jar:/Users/deepeshraghuvanshi/.m2/repository/com/google/auto/service/auto-service/1.0.1/auto-service-1.0.1.jar:/Users/deepeshraghuvanshi/.m2/repository/com/google/auto/auto-common/1.2/auto-common-1.2.jar:/Users/deepeshraghuvanshi/.m2/repository/com/google/guava/guava/31.1-jre/guava-31.1-jre.jar:/Users/deepeshraghuvanshi/.m2/repository/com/google/guava/failureaccess/1.0.1/failureaccess-1.0.1.jar:/Users/deepeshraghuvanshi/.m2/repository/com/google/guava/listenablefuture/9999.0-empty-to-avoid-conflict-with-guava/listenablefuture-9999.0-empty-to-avoid-conflict-with-guava.jar:/Users/deepeshraghuvanshi/.m2/repository/com/google/code/findbugs/jsr305/3.0.2/jsr305-3.0.2.jar:/Users/deepeshraghuvanshi/.m2/repository/org/checkerframework/checker-qual/3.12.0/checker-qual-3.12.0.jar:/Users/deepeshraghuvanshi/.m2/repository/com/google/errorprone/error_prone_annotations/2.11.0/error_prone_annotations-2.11.0.jar:/Users/deepeshraghuvanshi/.m2/repository/com/google/j2objc/j2objc-annotations/1.3/j2objc-annotations-1.3.jar:/Users/deepeshraghuvanshi/.m2/repository/org/seleniumhq/selenium/selenium-chromium-driver/4.7.2/selenium-chromium-driver-4.7.2.jar:/Users/deepeshraghuvanshi/.m2/repository/org/seleniumhq/selenium/selenium-json/4.7.2/selenium-json-4.7.2.jar:/Users/deepeshraghuvanshi/.m2/repository/org/seleniumhq/selenium/selenium-devtools-v106/4.7.2/selenium-devtools-v106-4.7.2.jar:/Users/deepeshraghuvanshi/.m2/repository/org/seleniumhq/selenium/selenium-devtools-v107/4.7.2/selenium-devtools-v107-4.7.2.jar:/Users/deepeshraghuvanshi/.m2/repository/org/seleniumhq/selenium/selenium-devtools-v108/4.7.2/selenium-devtools-v108-4.7.2.jar:/Users/deepeshraghuvanshi/.m2/repository/org/seleniumhq/selenium/selenium-devtools-v85/4.7.2/selenium-devtools-v85-4.7.2.jar:/Users/deepeshraghuvanshi/.m2/repository/org/seleniumhq/selenium/selenium-edge-driver/4.7.2/selenium-edge-driver-4.7.2.jar:/Users/deepeshraghuvanshi/.m2/repository/org/seleniumhq/selenium/selenium-firefox-driver/4.7.2/selenium-firefox-driver-4.7.2.jar:/Users/deepeshraghuvanshi/.m2/repository/org/seleniumhq/selenium/selenium-http/4.7.2/selenium-http-4.7.2.jar:/Users/deepeshraghuvanshi/.m2/repository/dev/failsafe/failsafe/3.3.0/failsafe-3.3.0.jar:/Users/deepeshraghuvanshi/.m2/repository/org/seleniumhq/selenium/selenium-ie-driver/4.7.2/selenium-ie-driver-4.7.2.jar:/Users/deepeshraghuvanshi/.m2/repository/org/seleniumhq/selenium/selenium-remote-driver/4.7.2/selenium-remote-driver-4.7.2.jar:/Users/deepeshraghuvanshi/.m2/repository/io/netty/netty-buffer/4.1.84.Final/netty-buffer-4.1.84.Final.jar:/Users/deepeshraghuvanshi/.m2/repository/io/netty/netty-codec-http/4.1.84.Final/netty-codec-http-4.1.84.Final.jar:/Users/deepeshraghuvanshi/.m2/repository/io/netty/netty-codec/4.1.84.Final/netty-codec-4.1.84.Final.jar:/Users/deepeshraghuvanshi/.m2/repository/io/netty/netty-handler/4.1.84.Final/netty-handler-4.1.84.Final.jar:/Users/deepeshraghuvanshi/.m2/repository/io/netty/netty-common/4.1.84.Final/netty-common-4.1.84.Final.jar:/Users/deepeshraghuvanshi/.m2/repository/io/netty/netty-transport-classes-epoll/4.1.84.Final/netty-transport-classes-epoll-4.1.84.Final.jar:/Users/deepeshraghuvanshi/.m2/repository/io/netty/netty-transport-classes-kqueue/4.1.84.Final/netty-transport-classes-kqueue-4.1.84.Final.jar:/Users/deepeshraghuvanshi/.m2/repository/io/netty/netty-transport-native-epoll/4.1.84.Final/netty-transport-native-epoll-4.1.84.Final.jar:/Users/deepeshraghuvanshi/.m2/repository/io/netty/netty-transport-native-kqueue/4.1.84.Final/netty-transport-native-kqueue-4.1.84.Final.jar:/Users/deepeshraghuvanshi/.m2/repository/io/netty/netty-transport-native-unix-common/4.1.84.Final/netty-transport-native-unix-common-4.1.84.Final.jar:/Users/deepeshraghuvanshi/.m2/repository/io/netty/netty-transport/4.1.84.Final/netty-transport-4.1.84.Final.jar:/Users/deepeshraghuvanshi/.m2/repository/io/netty/netty-resolver/4.1.84.Final/netty-resolver-4.1.84.Final.jar:/Users/deepeshraghuvanshi/.m2/repository/io/opentelemetry/opentelemetry-api/1.19.0/opentelemetry-api-1.19.0.jar:/Users/deepeshraghuvanshi/.m2/repository/io/opentelemetry/opentelemetry-context/1.19.0/opentelemetry-context-1.19.0.jar:/Users/deepeshraghuvanshi/.m2/repository/io/opentelemetry/opentelemetry-exporter-logging/1.19.0/opentelemetry-exporter-logging-1.19.0.jar:/Users/deepeshraghuvanshi/.m2/repository/io/opentelemetry/opentelemetry-sdk-metrics/1.19.0/opentelemetry-sdk-metrics-1.19.0.jar:/Users/deepeshraghuvanshi/.m2/repository/io/opentelemetry/opentelemetry-sdk-logs/1.19.0-alpha/opentelemetry-sdk-logs-1.19.0-alpha.jar:/Users/deepeshraghuvanshi/.m2/repository/io/opentelemetry/opentelemetry-api-logs/1.19.0-alpha/opentelemetry-api-logs-1.19.0-alpha.jar:/Users/deepeshraghuvanshi/.m2/repository/io/opentelemetry/opentelemetry-sdk-common/1.19.0/opentelemetry-sdk-common-1.19.0.jar:/Users/deepeshraghuvanshi/.m2/repository/io/opentelemetry/opentelemetry-sdk-extension-autoconfigure-spi/1.19.0/opentelemetry-sdk-extension-autoconfigure-spi-1.19.0.jar:/Users/deepeshraghuvanshi/.m2/repository/io/opentelemetry/opentelemetry-sdk-extension-autoconfigure/1.19.0-alpha/opentelemetry-sdk-extension-autoconfigure-1.19.0-alpha.jar:/Users/deepeshraghuvanshi/.m2/repository/io/opentelemetry/opentelemetry-exporter-common/1.19.0/opentelemetry-exporter-common-1.19.0.jar:/Users/deepeshraghuvanshi/.m2/repository/io/opentelemetry/opentelemetry-sdk-trace/1.19.0/opentelemetry-sdk-trace-1.19.0.jar:/Users/deepeshraghuvanshi/.m2/repository/io/opentelemetry/opentelemetry-sdk/1.19.0/opentelemetry-sdk-1.19.0.jar:/Users/deepeshraghuvanshi/.m2/repository/io/opentelemetry/opentelemetry-semconv/1.19.0-alpha/opentelemetry-semconv-1.19.0-alpha.jar:/Users/deepeshraghuvanshi/.m2/repository/io/ous/jtoml/2.0.0/jtoml-2.0.0.jar:/Users/deepeshraghuvanshi/.m2/repository/org/apache/commons/commons-exec/1.3/commons-exec-1.3.jar:/Users/deepeshraghuvanshi/.m2/repository/org/asynchttpclient/async-http-client/2.12.3/async-http-client-2.12.3.jar:/Users/deepeshraghuvanshi/.m2/repository/org/asynchttpclient/async-http-client-netty-utils/2.12.3/async-http-client-netty-utils-2.12.3.jar:/Users/deepeshraghuvanshi/.m2/repository/io/netty/netty-codec-socks/4.1.60.Final/netty-codec-socks-4.1.60.Final.jar:/Users/deepeshraghuvanshi/.m2/repository/io/netty/netty-handler-proxy/4.1.60.Final/netty-handler-proxy-4.1.60.Final.jar:/Users/deepeshraghuvanshi/.m2/repository/io/netty/netty-transport-native-epoll/4.1.60.Final/netty-transport-native-epoll-4.1.60.Final-linux-x86_64.jar:/Users/deepeshraghuvanshi/.m2/repository/io/netty/netty-transport-native-kqueue/4.1.60.Final/netty-transport-native-kqueue-4.1.60.Final-osx-x86_64.jar:/Users/deepeshraghuvanshi/.m2/repository/com/typesafe/netty/netty-reactive-streams/2.0.4/netty-reactive-streams-2.0.4.jar:/Users/deepeshraghuvanshi/.m2/repository/com/sun/activation/jakarta.activation/1.2.2/jakarta.activation-1.2.2.jar:/Users/deepeshraghuvanshi/.m2/repository/org/seleniumhq/selenium/selenium-manager/4.7.2/selenium-manager-4.7.2.jar:/Users/deepeshraghuvanshi/.m2/repository/org/seleniumhq/selenium/selenium-safari-driver/4.7.2/selenium-safari-driver-4.7.2.jar:/Users/deepeshraghuvanshi/.m2/repository/org/seleniumhq/selenium/selenium-support/4.7.2/selenium-support-4.7.2.jar:/Users/deepeshraghuvanshi/.m2/repository/org/assertj/assertj-core/3.24.2/assertj-core-3.24.2.jar:/Users/deepeshraghuvanshi/.m2/repository/net/bytebuddy/byte-buddy/1.12.21/byte-buddy-1.12.21.jar:/Users/deepeshraghuvanshi/.m2/repository/org/testng/testng/7.7.1/testng-7.7.1.jar:/Users/deepeshraghuvanshi/.m2/repository/org/slf4j/slf4j-api/1.7.36/slf4j-api-1.7.36.jar:/Users/deepeshraghuvanshi/.m2/repository/com/beust/jcommander/1.82/jcommander-1.82.jar:/Users/deepeshraghuvanshi/.m2/repository/org/webjars/jquery/3.6.1/jquery-3.6.1.jar:/Users/deepeshraghuvanshi/.m2/repository/com/vimalselvam/cucumber-extentsreport/3.1.1/cucumber-extentsreport-3.1.1.jar:"/>
    <property name="java.vm.vendor" value="Microsoft"/>
    <property name="sun.arch.data.model" value="64"/>
    <property name="java.vendor.url" value="https://www.microsoft.com"/>
    <property name="user.timezone" value=""/>
    <property name="suiteXmlFile" value="testng.xml"/>
    <property name="java.vm.specification.version" value="11"/>
    <property name="os.name" value="Mac OS X"/>
    <property name="sun.java.launcher" value="SUN_STANDARD"/>
    <property name="user.country" value="GB"/>
    <property name="sun.boot.library.path" value="/Library/Java/JavaVirtualMachines/microsoft-11.jdk/Contents/Home/lib"/>
    <property name="sun.java.command" value="/Users/deepeshraghuvanshi/IdeaProjects/Reece/target/surefire/surefirebooter7309719806473549820.jar /Users/deepeshraghuvanshi/IdeaProjects/Reece/target/surefire 2023-01-24T17-41-51_728-jvmRun1 surefire1857865783914958535tmp surefire_07578222793091785007tmp"/>
    <property name="http.nonProxyHosts" value="local|*.local|169.254/16|*.169.254/16"/>
    <property name="jdk.debug" value="release"/>
    <property name="surefire.test.class.path" value="/Users/deepeshraghuvanshi/IdeaProjects/Reece/target/test-classes:/Users/deepeshraghuvanshi/IdeaProjects/Reece/target/classes:/Users/deepeshraghuvanshi/.m2/repository/io/cucumber/cucumber-java/7.11.0/cucumber-java-7.11.0.jar:/Users/deepeshraghuvanshi/.m2/repository/io/cucumber/cucumber-core/7.11.0/cucumber-core-7.11.0.jar:/Users/deepeshraghuvanshi/.m2/repository/io/cucumber/cucumber-gherkin/7.11.0/cucumber-gherkin-7.11.0.jar:/Users/deepeshraghuvanshi/.m2/repository/io/cucumber/cucumber-gherkin-messages/7.11.0/cucumber-gherkin-messages-7.11.0.jar:/Users/deepeshraghuvanshi/.m2/repository/io/cucumber/gherkin/26.0.3/gherkin-26.0.3.jar:/Users/deepeshraghuvanshi/.m2/repository/io/cucumber/messages/21.0.1/messages-21.0.1.jar:/Users/deepeshraghuvanshi/.m2/repository/io/cucumber/tag-expressions/5.0.1/tag-expressions-5.0.1.jar:/Users/deepeshraghuvanshi/.m2/repository/io/cucumber/cucumber-expressions/16.1.1/cucumber-expressions-16.1.1.jar:/Users/deepeshraghuvanshi/.m2/repository/io/cucumber/datatable/7.11.0/datatable-7.11.0.jar:/Users/deepeshraghuvanshi/.m2/repository/io/cucumber/cucumber-plugin/7.11.0/cucumber-plugin-7.11.0.jar:/Users/deepeshraghuvanshi/.m2/repository/io/cucumber/docstring/7.11.0/docstring-7.11.0.jar:/Users/deepeshraghuvanshi/.m2/repository/io/cucumber/html-formatter/20.2.1/html-formatter-20.2.1.jar:/Users/deepeshraghuvanshi/.m2/repository/io/cucumber/junit-xml-formatter/0.1.0/junit-xml-formatter-0.1.0.jar:/Users/deepeshraghuvanshi/.m2/repository/io/cucumber/ci-environment/9.1.0/ci-environment-9.1.0.jar:/Users/deepeshraghuvanshi/.m2/repository/org/apiguardian/apiguardian-api/1.1.2/apiguardian-api-1.1.2.jar:/Users/deepeshraghuvanshi/.m2/repository/io/cucumber/cucumber-testng/7.11.0/cucumber-testng-7.11.0.jar:/Users/deepeshraghuvanshi/.m2/repository/io/cucumber/cucumber-junit/7.11.0/cucumber-junit-7.11.0.jar:/Users/deepeshraghuvanshi/.m2/repository/tech/grasshopper/extentreports-cucumber7-adapter/1.7.0/extentreports-cucumber7-adapter-1.7.0.jar:/Users/deepeshraghuvanshi/.m2/repository/tech/grasshopper/extent-pdf-report/2.7.0/extent-pdf-report-2.7.0.jar:/Users/deepeshraghuvanshi/.m2/repository/tech/grasshopper/cucumber-pdf-report/2.10.0/cucumber-pdf-report-2.10.0.jar:/Users/deepeshraghuvanshi/.m2/repository/org/apache/pdfbox/pdfbox/2.0.26/pdfbox-2.0.26.jar:/Users/deepeshraghuvanshi/.m2/repository/org/apache/pdfbox/fontbox/2.0.26/fontbox-2.0.26.jar:/Users/deepeshraghuvanshi/.m2/repository/org/knowm/xchart/xchart/3.8.0/xchart-3.8.0.jar:/Users/deepeshraghuvanshi/.m2/repository/de/erichseifert/vectorgraphics2d/VectorGraphics2D/0.13/VectorGraphics2D-0.13.jar:/Users/deepeshraghuvanshi/.m2/repository/de/rototor/pdfbox/graphics2d/0.30/graphics2d-0.30.jar:/Users/deepeshraghuvanshi/.m2/repository/com/madgag/animated-gif-lib/1.4/animated-gif-lib-1.4.jar:/Users/deepeshraghuvanshi/.m2/repository/org/yaml/snakeyaml/1.28/snakeyaml-1.28.jar:/Users/deepeshraghuvanshi/.m2/repository/tech/grasshopper/table-layout/1.5.1/table-layout-1.5.1.jar:/Users/deepeshraghuvanshi/.m2/repository/tech/grasshopper/rest-assured-cucumber-pdf-report/1.4.1/rest-assured-cucumber-pdf-report-1.4.1.jar:/Users/deepeshraghuvanshi/.m2/repository/org/jsoup/jsoup/1.14.3/jsoup-1.14.3.jar:/Users/deepeshraghuvanshi/.m2/repository/com/aventstack/klov-reporter/5.0.9/klov-reporter-5.0.9.jar:/Users/deepeshraghuvanshi/.m2/repository/org/mongodb/mongodb-driver/3.6.4/mongodb-driver-3.6.4.jar:/Users/deepeshraghuvanshi/.m2/repository/org/mongodb/mongodb-driver-core/3.6.4/mongodb-driver-core-3.6.4.jar:/Users/deepeshraghuvanshi/.m2/repository/org/mongodb/bson/3.6.4/bson-3.6.4.jar:/Users/deepeshraghuvanshi/.m2/repository/org/apache/httpcomponents/httpclient/4.5.13/httpclient-4.5.13.jar:/Users/deepeshraghuvanshi/.m2/repository/org/apache/httpcomponents/httpcore/4.4.13/httpcore-4.4.13.jar:/Users/deepeshraghuvanshi/.m2/repository/commons-logging/commons-logging/1.2/commons-logging-1.2.jar:/Users/deepeshraghuvanshi/.m2/repository/commons-codec/commons-codec/1.11/commons-codec-1.11.jar:/Users/deepeshraghuvanshi/.m2/repository/org/apache/httpcomponents/httpmime/4.5.13/httpmime-4.5.13.jar:/Users/deepeshraghuvanshi/.m2/repository/tech/grasshopper/htmlextentreporter/1.0.1/htmlextentreporter-1.0.1.jar:/Users/deepeshraghuvanshi/.m2/repository/com/aventstack/extentreports/5.0.9/extentreports-5.0.9.jar:/Users/deepeshraghuvanshi/.m2/repository/io/reactivex/rxjava3/rxjava/3.0.4/rxjava-3.0.4.jar:/Users/deepeshraghuvanshi/.m2/repository/org/reactivestreams/reactive-streams/1.0.3/reactive-streams-1.0.3.jar:/Users/deepeshraghuvanshi/.m2/repository/org/freemarker/freemarker/2.3.30/freemarker-2.3.30.jar:/Users/deepeshraghuvanshi/.m2/repository/org/projectlombok/lombok/1.18.12/lombok-1.18.12.jar:/Users/deepeshraghuvanshi/.m2/repository/com/google/code/gson/gson/2.8.6/gson-2.8.6.jar:/Users/deepeshraghuvanshi/.m2/repository/junit/junit/4.13.2/junit-4.13.2.jar:/Users/deepeshraghuvanshi/.m2/repository/org/hamcrest/hamcrest-core/1.3/hamcrest-core-1.3.jar:/Users/deepeshraghuvanshi/.m2/repository/org/apache/directory/studio/org.apache.commons.io/2.4/org.apache.commons.io-2.4.jar:/Users/deepeshraghuvanshi/.m2/repository/commons-io/commons-io/2.4/commons-io-2.4.jar:/Users/deepeshraghuvanshi/.m2/repository/org/seleniumhq/selenium/selenium-java/4.7.2/selenium-java-4.7.2.jar:/Users/deepeshraghuvanshi/.m2/repository/org/seleniumhq/selenium/selenium-api/4.7.2/selenium-api-4.7.2.jar:/Users/deepeshraghuvanshi/.m2/repository/org/seleniumhq/selenium/selenium-chrome-driver/4.7.2/selenium-chrome-driver-4.7.2.jar:/Users/deepeshraghuvanshi/.m2/repository/com/google/auto/service/auto-service-annotations/1.0.1/auto-service-annotations-1.0.1.jar:/Users/deepeshraghuvanshi/.m2/repository/com/google/auto/service/auto-service/1.0.1/auto-service-1.0.1.jar:/Users/deepeshraghuvanshi/.m2/repository/com/google/auto/auto-common/1.2/auto-common-1.2.jar:/Users/deepeshraghuvanshi/.m2/repository/com/google/guava/guava/31.1-jre/guava-31.1-jre.jar:/Users/deepeshraghuvanshi/.m2/repository/com/google/guava/failureaccess/1.0.1/failureaccess-1.0.1.jar:/Users/deepeshraghuvanshi/.m2/repository/com/google/guava/listenablefuture/9999.0-empty-to-avoid-conflict-with-guava/listenablefuture-9999.0-empty-to-avoid-conflict-with-guava.jar:/Users/deepeshraghuvanshi/.m2/repository/com/google/code/findbugs/jsr305/3.0.2/jsr305-3.0.2.jar:/Users/deepeshraghuvanshi/.m2/repository/org/checkerframework/checker-qual/3.12.0/checker-qual-3.12.0.jar:/Users/deepeshraghuvanshi/.m2/repository/com/google/errorprone/error_prone_annotations/2.11.0/error_prone_annotations-2.11.0.jar:/Users/deepeshraghuvanshi/.m2/repository/com/google/j2objc/j2objc-annotations/1.3/j2objc-annotations-1.3.jar:/Users/deepeshraghuvanshi/.m2/repository/org/seleniumhq/selenium/selenium-chromium-driver/4.7.2/selenium-chromium-driver-4.7.2.jar:/Users/deepeshraghuvanshi/.m2/repository/org/seleniumhq/selenium/selenium-json/4.7.2/selenium-json-4.7.2.jar:/Users/deepeshraghuvanshi/.m2/repository/org/seleniumhq/selenium/selenium-devtools-v106/4.7.2/selenium-devtools-v106-4.7.2.jar:/Users/deepeshraghuvanshi/.m2/repository/org/seleniumhq/selenium/selenium-devtools-v107/4.7.2/selenium-devtools-v107-4.7.2.jar:/Users/deepeshraghuvanshi/.m2/repository/org/seleniumhq/selenium/selenium-devtools-v108/4.7.2/selenium-devtools-v108-4.7.2.jar:/Users/deepeshraghuvanshi/.m2/repository/org/seleniumhq/selenium/selenium-devtools-v85/4.7.2/selenium-devtools-v85-4.7.2.jar:/Users/deepeshraghuvanshi/.m2/repository/org/seleniumhq/selenium/selenium-edge-driver/4.7.2/selenium-edge-driver-4.7.2.jar:/Users/deepeshraghuvanshi/.m2/repository/org/seleniumhq/selenium/selenium-firefox-driver/4.7.2/selenium-firefox-driver-4.7.2.jar:/Users/deepeshraghuvanshi/.m2/repository/org/seleniumhq/selenium/selenium-http/4.7.2/selenium-http-4.7.2.jar:/Users/deepeshraghuvanshi/.m2/repository/dev/failsafe/failsafe/3.3.0/failsafe-3.3.0.jar:/Users/deepeshraghuvanshi/.m2/repository/org/seleniumhq/selenium/selenium-ie-driver/4.7.2/selenium-ie-driver-4.7.2.jar:/Users/deepeshraghuvanshi/.m2/repository/org/seleniumhq/selenium/selenium-remote-driver/4.7.2/selenium-remote-driver-4.7.2.jar:/Users/deepeshraghuvanshi/.m2/repository/io/netty/netty-buffer/4.1.84.Final/netty-buffer-4.1.84.Final.jar:/Users/deepeshraghuvanshi/.m2/repository/io/netty/netty-codec-http/4.1.84.Final/netty-codec-http-4.1.84.Final.jar:/Users/deepeshraghuvanshi/.m2/repository/io/netty/netty-codec/4.1.84.Final/netty-codec-4.1.84.Final.jar:/Users/deepeshraghuvanshi/.m2/repository/io/netty/netty-handler/4.1.84.Final/netty-handler-4.1.84.Final.jar:/Users/deepeshraghuvanshi/.m2/repository/io/netty/netty-common/4.1.84.Final/netty-common-4.1.84.Final.jar:/Users/deepeshraghuvanshi/.m2/repository/io/netty/netty-transport-classes-epoll/4.1.84.Final/netty-transport-classes-epoll-4.1.84.Final.jar:/Users/deepeshraghuvanshi/.m2/repository/io/netty/netty-transport-classes-kqueue/4.1.84.Final/netty-transport-classes-kqueue-4.1.84.Final.jar:/Users/deepeshraghuvanshi/.m2/repository/io/netty/netty-transport-native-epoll/4.1.84.Final/netty-transport-native-epoll-4.1.84.Final.jar:/Users/deepeshraghuvanshi/.m2/repository/io/netty/netty-transport-native-kqueue/4.1.84.Final/netty-transport-native-kqueue-4.1.84.Final.jar:/Users/deepeshraghuvanshi/.m2/repository/io/netty/netty-transport-native-unix-common/4.1.84.Final/netty-transport-native-unix-common-4.1.84.Final.jar:/Users/deepeshraghuvanshi/.m2/repository/io/netty/netty-transport/4.1.84.Final/netty-transport-4.1.84.Final.jar:/Users/deepeshraghuvanshi/.m2/repository/io/netty/netty-resolver/4.1.84.Final/netty-resolver-4.1.84.Final.jar:/Users/deepeshraghuvanshi/.m2/repository/io/opentelemetry/opentelemetry-api/1.19.0/opentelemetry-api-1.19.0.jar:/Users/deepeshraghuvanshi/.m2/repository/io/opentelemetry/opentelemetry-context/1.19.0/opentelemetry-context-1.19.0.jar:/Users/deepeshraghuvanshi/.m2/repository/io/opentelemetry/opentelemetry-exporter-logging/1.19.0/opentelemetry-exporter-logging-1.19.0.jar:/Users/deepeshraghuvanshi/.m2/repository/io/opentelemetry/opentelemetry-sdk-metrics/1.19.0/opentelemetry-sdk-metrics-1.19.0.jar:/Users/deepeshraghuvanshi/.m2/repository/io/opentelemetry/opentelemetry-sdk-logs/1.19.0-alpha/opentelemetry-sdk-logs-1.19.0-alpha.jar:/Users/deepeshraghuvanshi/.m2/repository/io/opentelemetry/opentelemetry-api-logs/1.19.0-alpha/opentelemetry-api-logs-1.19.0-alpha.jar:/Users/deepeshraghuvanshi/.m2/repository/io/opentelemetry/opentelemetry-sdk-common/1.19.0/opentelemetry-sdk-common-1.19.0.jar:/Users/deepeshraghuvanshi/.m2/repository/io/opentelemetry/opentelemetry-sdk-extension-autoconfigure-spi/1.19.0/opentelemetry-sdk-extension-autoconfigure-spi-1.19.0.jar:/Users/deepeshraghuvanshi/.m2/repository/io/opentelemetry/opentelemetry-sdk-extension-autoconfigure/1.19.0-alpha/opentelemetry-sdk-extension-autoconfigure-1.19.0-alpha.jar:/Users/deepeshraghuvanshi/.m2/repository/io/opentelemetry/opentelemetry-exporter-common/1.19.0/opentelemetry-exporter-common-1.19.0.jar:/Users/deepeshraghuvanshi/.m2/repository/io/opentelemetry/opentelemetry-sdk-trace/1.19.0/opentelemetry-sdk-trace-1.19.0.jar:/Users/deepeshraghuvanshi/.m2/repository/io/opentelemetry/opentelemetry-sdk/1.19.0/opentelemetry-sdk-1.19.0.jar:/Users/deepeshraghuvanshi/.m2/repository/io/opentelemetry/opentelemetry-semconv/1.19.0-alpha/opentelemetry-semconv-1.19.0-alpha.jar:/Users/deepeshraghuvanshi/.m2/repository/io/ous/jtoml/2.0.0/jtoml-2.0.0.jar:/Users/deepeshraghuvanshi/.m2/repository/org/apache/commons/commons-exec/1.3/commons-exec-1.3.jar:/Users/deepeshraghuvanshi/.m2/repository/org/asynchttpclient/async-http-client/2.12.3/async-http-client-2.12.3.jar:/Users/deepeshraghuvanshi/.m2/repository/org/asynchttpclient/async-http-client-netty-utils/2.12.3/async-http-client-netty-utils-2.12.3.jar:/Users/deepeshraghuvanshi/.m2/repository/io/netty/netty-codec-socks/4.1.60.Final/netty-codec-socks-4.1.60.Final.jar:/Users/deepeshraghuvanshi/.m2/repository/io/netty/netty-handler-proxy/4.1.60.Final/netty-handler-proxy-4.1.60.Final.jar:/Users/deepeshraghuvanshi/.m2/repository/io/netty/netty-transport-native-epoll/4.1.60.Final/netty-transport-native-epoll-4.1.60.Final-linux-x86_64.jar:/Users/deepeshraghuvanshi/.m2/repository/io/netty/netty-transport-native-kqueue/4.1.60.Final/netty-transport-native-kqueue-4.1.60.Final-osx-x86_64.jar:/Users/deepeshraghuvanshi/.m2/repository/com/typesafe/netty/netty-reactive-streams/2.0.4/netty-reactive-streams-2.0.4.jar:/Users/deepeshraghuvanshi/.m2/repository/com/sun/activation/jakarta.activation/1.2.2/jakarta.activation-1.2.2.jar:/Users/deepeshraghuvanshi/.m2/repository/org/seleniumhq/selenium/selenium-manager/4.7.2/selenium-manager-4.7.2.jar:/Users/deepeshraghuvanshi/.m2/repository/org/seleniumhq/selenium/selenium-safari-driver/4.7.2/selenium-safari-driver-4.7.2.jar:/Users/deepeshraghuvanshi/.m2/repository/org/seleniumhq/selenium/selenium-support/4.7.2/selenium-support-4.7.2.jar:/Users/deepeshraghuvanshi/.m2/repository/org/assertj/assertj-core/3.24.2/assertj-core-3.24.2.jar:/Users/deepeshraghuvanshi/.m2/repository/net/bytebuddy/byte-buddy/1.12.21/byte-buddy-1.12.21.jar:/Users/deepeshraghuvanshi/.m2/repository/org/testng/testng/7.7.1/testng-7.7.1.jar:/Users/deepeshraghuvanshi/.m2/repository/org/slf4j/slf4j-api/1.7.36/slf4j-api-1.7.36.jar:/Users/deepeshraghuvanshi/.m2/repository/com/beust/jcommander/1.82/jcommander-1.82.jar:/Users/deepeshraghuvanshi/.m2/repository/org/webjars/jquery/3.6.1/jquery-3.6.1.jar:/Users/deepeshraghuvanshi/.m2/repository/com/vimalselvam/cucumber-extentsreport/3.1.1/cucumber-extentsreport-3.1.1.jar:"/>
    <property name="sun.cpu.endian" value="little"/>
    <property name="user.home" value="/Users/deepeshraghuvanshi"/>
    <property name="user.language" value="en"/>
    <property name="java.specification.vendor" value="Oracle Corporation"/>
    <property name="java.version.date" value="2022-10-18"/>
    <property name="java.home" value="/Library/Java/JavaVirtualMachines/microsoft-11.jdk/Contents/Home"/>
    <property name="testng.dtd.http" value="true"/>
    <property name="file.separator" value="/"/>
    <property name="basedir" value="/Users/deepeshraghuvanshi/IdeaProjects/Reece"/>
    <property name="java.vm.compressedOopsMode" value="Zero based"/>
    <property name="line.separator" value="&#10;"/>
    <property name="java.specification.name" value="Java Platform API Specification"/>
    <property name="java.vm.specification.vendor" value="Oracle Corporation"/>
    <property name="java.awt.graphicsenv" value="sun.awt.CGraphicsEnvironment"/>
    <property name="surefire.real.class.path" value="/Users/deepeshraghuvanshi/IdeaProjects/Reece/target/surefire/surefirebooter7309719806473549820.jar"/>
    <property name="sun.management.compiler" value="HotSpot 64-Bit Tiered Compilers"/>
    <property name="ftp.nonProxyHosts" value="local|*.local|169.254/16|*.169.254/16"/>
    <property name="java.runtime.version" value="11.0.17+8-LTS"/>
    <property name="user.name" value="deepeshraghuvanshi"/>
    <property name="path.separator" value=":"/>
    <property name="os.version" value="13.1"/>
    <property name="java.runtime.name" value="OpenJDK Runtime Environment"/>
    <property name="file.encoding" value="UTF-8"/>
    <property name="java.vm.name" value="OpenJDK 64-Bit Server VM"/>
    <property name="java.vendor.version" value="Microsoft-6841889"/>
    <property name="localRepository" value="/Users/deepeshraghuvanshi/.m2/repository"/>
    <property name="java.vendor.url.bug" value="https://github.com/microsoft/openjdk/issues"/>
    <property name="java.io.tmpdir" value="/var/folders/1b/c6r1w0l14jg54t_k9w6q0gth0000gp/T/"/>
    <property name="java.version" value="11.0.17"/>
    <property name="user.dir" value="/Users/deepeshraghuvanshi/IdeaProjects/Reece"/>
    <property name="os.arch" value="x86_64"/>
    <property name="java.vm.specification.name" value="Java Virtual Machine Specification"/>
    <property name="java.awt.printerjob" value="sun.lwawt.macosx.CPrinterJob"/>
    <property name="sun.os.patch.level" value="unknown"/>
    <property name="java.library.path" value="/Users/deepeshraghuvanshi/Library/Java/Extensions:/Library/Java/Extensions:/Network/Library/Java/Extensions:/System/Library/Java/Extensions:/usr/lib/java:."/>
    <property name="java.vm.info" value="mixed mode"/>
    <property name="java.vendor" value="Microsoft"/>
    <property name="java.vm.version" value="11.0.17+8-LTS"/>
    <property name="sun.io.unicode.encoding" value="UnicodeBig"/>
    <property name="java.class.version" value="55.0"/>
    <property name="socksNonProxyHosts" value="local|*.local|169.254/16|*.169.254/16"/>
  </properties>
  <testcase name="runScenario" classname="Runner.Runner" time="36.237">
    <failure type="java.lang.NullPointerException">java.lang.NullPointerException
</failure>
    <system-out><![CDATA[
@regression
Scenario: Test that the quantity field on the product search page follow the validation rules of:    # src/test/java/Features/product_search_qty_validation.feature:5
  Given I login to my account with "9raghu8@gmail.com" and "Coke@123"                                # Steps.product_search.userLogInToReeceAccount(java.lang.String,java.lang.String)
find element method errorExpected condition failed: waiting for presence of element located by: By.xpath: //input[@id='search-input'] (tried for 10 second(s) with 500 milliseconds interval)
  And I search for product "nail"                                                                    # Steps.product_search_page_show_correct_cart_actions.userSearchProduct(java.lang.String)
      java.lang.NullPointerException
	at Steps.product_search_page_show_correct_cart_actions.userSearchProduct(product_search_page_show_correct_cart_actions.java:12)
	at ✽.I search for product "nail"(file:///Users/deepeshraghuvanshi/IdeaProjects/Reece/src/test/java/Features/product_search_qty_validation.feature:13)

  When I change the value of the quantity field of the first product to "31000" and enter            # Steps.product_search_qty_validation.userEnterProductQuantity(java.lang.String)
  Then I should see an error message of "Please enter a valid quantity." below the field             # Steps.product_search_qty_validation.userVerifyErrorMessage(java.lang.String)
  When I change the value of the quantity field of the first product to "0.00" and enter             # Steps.product_search_qty_validation.userEnterProductQuantity(java.lang.String)
  Then I should see an error message of "Please enter a valid quantity." below the field             # Steps.product_search_qty_validation.userVerifyErrorMessage(java.lang.String)
  When I change the value of the quantity field of the first product to "~`!@#$%^&*()_+-=" and enter # Steps.product_search_qty_validation.userEnterProductQuantity(java.lang.String)
  Then I should see an error message of "Please enter a valid quantity." below the field             # Steps.product_search_qty_validation.userVerifyErrorMessage(java.lang.String)
  When I change the value of the quantity field of the first product to "QWERTYUIOP{}" and enter     # Steps.product_search_qty_validation.userEnterProductQuantity(java.lang.String)
  Then I should see an error message of "Please enter a valid quantity." below the field             # Steps.product_search_qty_validation.userVerifyErrorMessage(java.lang.String)
  When I change the value of the quantity field of the first product to "ASDFGHJK" and enter         # Steps.product_search_qty_validation.userEnterProductQuantity(java.lang.String)
  Then I should see an error message of "Please enter a valid quantity." below the field             # Steps.product_search_qty_validation.userVerifyErrorMessage(java.lang.String)
  When I change the value of the quantity field of the first product to ":|;'" and enter             # Steps.product_search_qty_validation.userEnterProductQuantity(java.lang.String)
  Then I should see an error message of "Please enter a valid quantity." below the field             # Steps.product_search_qty_validation.userVerifyErrorMessage(java.lang.String)
  When I change the value of the quantity field of the first product to "ZXCVBNM" and enter          # Steps.product_search_qty_validation.userEnterProductQuantity(java.lang.String)
  Then I should see an error message of "Please enter a valid quantity." below the field             # Steps.product_search_qty_validation.userVerifyErrorMessage(java.lang.String)
  And I change the value of the quantity field of the first product to "0.01" and enter              # Steps.product_search_qty_validation.userEnterProductQuantity(java.lang.String)
  Then I should see an error message of "Please enter a valid quantity." below the field             # Steps.product_search_qty_validation.userVerifyErrorMessage(java.lang.String)
  And I change the value of the quantity field of the first product to "-1.45253" and enter          # Steps.product_search_qty_validation.userEnterProductQuantity(java.lang.String)
  Then I should see an error message of "Please enter a valid quantity." below the field             # Steps.product_search_qty_validation.userVerifyErrorMessage(java.lang.String)
  And I logout                                                                                       # Steps.product_search.userClickOnLogOutCTA()
Taking screenshot from Cucumber After hook with order=2 if the scenario fails

    Embedding Test that the quantity field on the product search page follow the validation rules of: [image/png 122144 bytes]

]]></system-out>
    <system-err><![CDATA[SLF4J: Failed to load class "org.slf4j.impl.StaticLoggerBinder".
SLF4J: Defaulting to no-operation (NOP) logger implementation
SLF4J: See http://www.slf4j.org/codes.html#StaticLoggerBinder for further details.
Starting ChromeDriver 109.0.5414.74 (e7c5703604daa9cc128ccf5a5d3e993513758913-refs/branch-heads/5414@{#1172}) on port 6436
Only local connections are allowed.
Please see https://chromedriver.chromium.org/security-considerations for suggestions on keeping ChromeDriver safe.
ChromeDriver was started successfully.
Jan 24, 2023 5:42:00 PM org.openqa.selenium.devtools.CdpVersionFinder findNearestMatch
WARNING: Unable to find an exact match for CDP version 109, so returning the closest version found: 108
]]></system-err>
  </testcase>
</testsuite>